2014-11-01 12:03:09  [ Thread-0:0 ] - [ DEBUG ]  命令是：sqlplus xmhdbike/xmhdbike@//218.66.36.59:7776/ibss  @C:\Users\lin\git\executeSqlTool\ExecuteSqlTools\conf\初始化脚本.sql 
2014-11-01 12:03:09  [ Thread-0:163 ] - [ DEBUG ]  
2014-11-01 12:03:09  [ Thread-0:163 ] - [ DEBUG ]  SQL*Plus: Release 11.2.0.1.0 Production on 星期六 11月 1 12:03:09 2014
2014-11-01 12:03:09  [ Thread-0:164 ] - [ DEBUG ]  
2014-11-01 12:03:09  [ Thread-0:164 ] - [ DEBUG ]  Copyright (c) 1982, 2010, Oracle.  All rights reserved.
2014-11-01 12:03:09  [ Thread-0:165 ] - [ DEBUG ]  
2014-11-01 12:03:10  [ Thread-0:501 ] - [ DEBUG ]  
2014-11-01 12:03:10  [ Thread-0:501 ] - [ DEBUG ]  连接到: 
2014-11-01 12:03:10  [ Thread-0:502 ] - [ DEBUG ]  Oracle Database 10g Enterprise Edition Release 10.2.0.5.0 - 64bit Production
2014-11-01 12:03:10  [ Thread-0:503 ] - [ DEBUG ]  With the Partitioning, OLAP, Data Mining and Real Application Testing options
2014-11-01 12:03:10  [ Thread-0:503 ] - [ DEBUG ]  
2014-11-01 12:03:10  [ Thread-0:519 ] - [ DEBUG ]  
2014-11-01 12:03:10  [ Thread-0:520 ] - [ DEBUG ]  已删除0行。
2014-11-01 12:03:10  [ Thread-0:520 ] - [ DEBUG ]  
2014-11-01 12:03:10  [ Thread-0:554 ] - [ DEBUG ]  
2014-11-01 12:03:10  [ Thread-0:555 ] - [ DEBUG ]  已删除0行。
2014-11-01 12:03:10  [ Thread-0:555 ] - [ DEBUG ]  
2014-11-01 12:03:10  [ Thread-0:568 ] - [ DEBUG ]  
2014-11-01 12:03:10  [ Thread-0:569 ] - [ DEBUG ]  已删除0行。
2014-11-01 12:03:10  [ Thread-0:569 ] - [ DEBUG ]  
2014-11-01 12:03:10  [ Thread-0:575 ] - [ DEBUG ]  
2014-11-01 12:03:10  [ Thread-0:575 ] - [ DEBUG ]  已删除0行。
2014-11-01 12:03:10  [ Thread-0:576 ] - [ DEBUG ]  
2014-11-01 12:03:10  [ Thread-0:580 ] - [ DEBUG ]  
2014-11-01 12:03:10  [ Thread-0:581 ] - [ DEBUG ]  已删除0行。
2014-11-01 12:03:10  [ Thread-0:582 ] - [ DEBUG ]  
2014-11-01 12:03:10  [ Thread-0:586 ] - [ DEBUG ]  
2014-11-01 12:03:10  [ Thread-0:587 ] - [ DEBUG ]  已删除0行。
2014-11-01 12:03:10  [ Thread-0:587 ] - [ DEBUG ]  
2014-11-01 12:03:10  [ Thread-0:622 ] - [ DEBUG ]  
2014-11-01 12:03:10  [ Thread-0:623 ] - [ DEBUG ]  已删除0行。
2014-11-01 12:03:10  [ Thread-0:623 ] - [ DEBUG ]  
2014-11-01 12:03:10  [ Thread-0:637 ] - [ DEBUG ]  
2014-11-01 12:03:10  [ Thread-0:638 ] - [ DEBUG ]  已删除0行。
2014-11-01 12:03:10  [ Thread-0:638 ] - [ DEBUG ]  
2014-11-01 12:03:10  [ Thread-0:642 ] - [ DEBUG ]  
2014-11-01 12:03:10  [ Thread-0:644 ] - [ DEBUG ]  已删除0行。
2014-11-01 12:03:10  [ Thread-0:644 ] - [ DEBUG ]  
2014-11-01 12:03:10  [ Thread-0:676 ] - [ DEBUG ]  
2014-11-01 12:03:10  [ Thread-0:678 ] - [ DEBUG ]  已删除0行。
2014-11-01 12:03:10  [ Thread-0:678 ] - [ DEBUG ]  
2014-11-01 12:03:10  [ Thread-0:683 ] - [ DEBUG ]  
2014-11-01 12:03:10  [ Thread-0:683 ] - [ DEBUG ]  已删除0行。
2014-11-01 12:03:10  [ Thread-0:684 ] - [ DEBUG ]  
2014-11-01 12:03:10  [ Thread-0:714 ] - [ DEBUG ]  
2014-11-01 12:03:10  [ Thread-0:715 ] - [ DEBUG ]  已删除0行。
2014-11-01 12:03:10  [ Thread-0:716 ] - [ DEBUG ]  
2014-11-01 12:03:10  [ Thread-0:720 ] - [ DEBUG ]  
2014-11-01 12:03:10  [ Thread-0:721 ] - [ DEBUG ]  已删除0行。
2014-11-01 12:03:10  [ Thread-0:722 ] - [ DEBUG ]  
2014-11-01 12:03:10  [ Thread-0:727 ] - [ DEBUG ]  
2014-11-01 12:03:10  [ Thread-0:728 ] - [ DEBUG ]  已删除0行。
2014-11-01 12:03:10  [ Thread-0:729 ] - [ DEBUG ]  
2014-11-01 12:03:10  [ Thread-0:740 ] - [ DEBUG ]  
2014-11-01 12:03:10  [ Thread-0:741 ] - [ DEBUG ]  已删除 1 行。
2014-11-01 12:03:10  [ Thread-0:742 ] - [ DEBUG ]  
2014-11-01 12:03:10  [ Thread-0:759 ] - [ DEBUG ]  
2014-11-01 12:03:10  [ Thread-0:761 ] - [ DEBUG ]  已创建 1 行。
2014-11-01 12:03:10  [ Thread-0:762 ] - [ DEBUG ]  
2014-11-01 12:03:10  [ Thread-0:812 ] - [ DEBUG ]  
2014-11-01 12:03:10  [ Thread-0:813 ] - [ DEBUG ]  PL/SQL 过程已成功完成。
2014-11-01 12:03:10  [ Thread-0:814 ] - [ DEBUG ]  
2014-11-01 12:03:10  [ Thread-0:835 ] - [ DEBUG ]  
2014-11-01 12:03:10  [ Thread-0:836 ] - [ DEBUG ]  提交完成。
2014-11-01 12:03:10  [ Thread-0:837 ] - [ DEBUG ]  
2014-11-01 12:03:10  [ Thread-0:851 ] - [ DEBUG ]  从 Oracle Database 10g Enterprise Edition Release 10.2.0.5.0 - 64bit Production
2014-11-01 12:03:10  [ Thread-0:853 ] - [ DEBUG ]  With the Partitioning, OLAP, Data Mining and Real Application Testing options 断开
2014-11-01 12:09:40  [ Thread-0:2 ] - [ ERROR ]  执行SQL脚本文件出错
java.io.FileNotFoundException: conf\oracle.properties (系统找不到指定的文件。)
	at java.io.FileInputStream.open(Native Method)
	at java.io.FileInputStream.<init>(Unknown Source)
	at java.io.FileInputStream.<init>(Unknown Source)
	at org.deng.ExecuteSql.init(ExecuteSql.java:93)
	at org.deng.ExecuteSql.execute(ExecuteSql.java:112)
	at org.deng.ApplicationWindow$2$1.run(ApplicationWindow.java:142)
	at java.lang.Thread.run(Unknown Source)
2014-11-01 12:15:00  [ Thread-0:0 ] - [ DEBUG ]  命令是：sqlplus xmhdbike/xmhdbike@//218.66.36.59:7776/ibss  @C:\Users\lin\git\executeSqlTool\ExecuteSqlTools\conf\初始化脚本.sql 
2014-11-01 12:15:00  [ Thread-0:259 ] - [ DEBUG ]  
2014-11-01 12:15:00  [ Thread-0:259 ] - [ DEBUG ]  SQL*Plus: Release 11.2.0.1.0 Production on 星期六 11月 1 12:15:00 2014
2014-11-01 12:15:00  [ Thread-0:260 ] - [ DEBUG ]  
2014-11-01 12:15:00  [ Thread-0:260 ] - [ DEBUG ]  Copyright (c) 1982, 2010, Oracle.  All rights reserved.
2014-11-01 12:15:00  [ Thread-0:260 ] - [ DEBUG ]  
2014-11-01 12:15:01  [ Thread-0:428 ] - [ DEBUG ]  
2014-11-01 12:15:01  [ Thread-0:428 ] - [ DEBUG ]  连接到: 
2014-11-01 12:15:01  [ Thread-0:429 ] - [ DEBUG ]  Oracle Database 10g Enterprise Edition Release 10.2.0.5.0 - 64bit Production
2014-11-01 12:15:01  [ Thread-0:429 ] - [ DEBUG ]  With the Partitioning, OLAP, Data Mining and Real Application Testing options
2014-11-01 12:15:01  [ Thread-0:429 ] - [ DEBUG ]  
2014-11-01 12:15:01  [ Thread-0:438 ] - [ DEBUG ]  
2014-11-01 12:15:01  [ Thread-0:439 ] - [ DEBUG ]  已删除0行。
2014-11-01 12:15:01  [ Thread-0:439 ] - [ DEBUG ]  
2014-11-01 12:15:01  [ Thread-0:445 ] - [ DEBUG ]  
2014-11-01 12:15:01  [ Thread-0:445 ] - [ DEBUG ]  已删除0行。
2014-11-01 12:15:01  [ Thread-0:446 ] - [ DEBUG ]  
2014-11-01 12:15:01  [ Thread-0:450 ] - [ DEBUG ]  
2014-11-01 12:15:01  [ Thread-0:451 ] - [ DEBUG ]  已删除0行。
2014-11-01 12:15:01  [ Thread-0:451 ] - [ DEBUG ]  
2014-11-01 12:15:01  [ Thread-0:456 ] - [ DEBUG ]  
2014-11-01 12:15:01  [ Thread-0:456 ] - [ DEBUG ]  已删除0行。
2014-11-01 12:15:01  [ Thread-0:457 ] - [ DEBUG ]  
2014-11-01 12:15:01  [ Thread-0:463 ] - [ DEBUG ]  
2014-11-01 12:15:01  [ Thread-0:463 ] - [ DEBUG ]  已删除0行。
2014-11-01 12:15:01  [ Thread-0:464 ] - [ DEBUG ]  
2014-11-01 12:15:01  [ Thread-0:468 ] - [ DEBUG ]  
2014-11-01 12:15:01  [ Thread-0:469 ] - [ DEBUG ]  已删除0行。
2014-11-01 12:15:01  [ Thread-0:469 ] - [ DEBUG ]  
2014-11-01 12:15:01  [ Thread-0:474 ] - [ DEBUG ]  
2014-11-01 12:15:01  [ Thread-0:474 ] - [ DEBUG ]  已删除0行。
2014-11-01 12:15:01  [ Thread-0:474 ] - [ DEBUG ]  
2014-11-01 12:15:01  [ Thread-0:478 ] - [ DEBUG ]  
2014-11-01 12:15:01  [ Thread-0:479 ] - [ DEBUG ]  已删除0行。
2014-11-01 12:15:01  [ Thread-0:479 ] - [ DEBUG ]  
2014-11-01 12:15:01  [ Thread-0:484 ] - [ DEBUG ]  
2014-11-01 12:15:01  [ Thread-0:484 ] - [ DEBUG ]  已删除0行。
2014-11-01 12:15:01  [ Thread-0:484 ] - [ DEBUG ]  
2014-11-01 12:15:01  [ Thread-0:491 ] - [ DEBUG ]  
2014-11-01 12:15:01  [ Thread-0:491 ] - [ DEBUG ]  已删除0行。
2014-11-01 12:15:01  [ Thread-0:491 ] - [ DEBUG ]  
2014-11-01 12:15:01  [ Thread-0:496 ] - [ DEBUG ]  
2014-11-01 12:15:01  [ Thread-0:496 ] - [ DEBUG ]  已删除0行。
2014-11-01 12:15:01  [ Thread-0:496 ] - [ DEBUG ]  
2014-11-01 12:15:01  [ Thread-0:500 ] - [ DEBUG ]  
2014-11-01 12:15:01  [ Thread-0:501 ] - [ DEBUG ]  已删除0行。
2014-11-01 12:15:01  [ Thread-0:501 ] - [ DEBUG ]  
2014-11-01 12:15:01  [ Thread-0:506 ] - [ DEBUG ]  
2014-11-01 12:15:01  [ Thread-0:506 ] - [ DEBUG ]  已删除0行。
2014-11-01 12:15:01  [ Thread-0:506 ] - [ DEBUG ]  
2014-11-01 12:15:01  [ Thread-0:512 ] - [ DEBUG ]  
2014-11-01 12:15:01  [ Thread-0:513 ] - [ DEBUG ]  已删除0行。
2014-11-01 12:15:01  [ Thread-0:513 ] - [ DEBUG ]  
2014-11-01 12:15:01  [ Thread-0:518 ] - [ DEBUG ]  
2014-11-01 12:15:01  [ Thread-0:518 ] - [ DEBUG ]  已删除 1 行。
2014-11-01 12:15:01  [ Thread-0:519 ] - [ DEBUG ]  
2014-11-01 12:15:01  [ Thread-0:525 ] - [ DEBUG ]  
2014-11-01 12:15:01  [ Thread-0:526 ] - [ DEBUG ]  已创建 1 行。
2014-11-01 12:15:01  [ Thread-0:526 ] - [ DEBUG ]  
2014-11-01 12:15:01  [ Thread-0:578 ] - [ DEBUG ]  
2014-11-01 12:15:01  [ Thread-0:579 ] - [ DEBUG ]  PL/SQL 过程已成功完成。
2014-11-01 12:15:01  [ Thread-0:579 ] - [ DEBUG ]  
2014-11-01 12:15:01  [ Thread-0:586 ] - [ DEBUG ]  
2014-11-01 12:15:01  [ Thread-0:586 ] - [ DEBUG ]  提交完成。
2014-11-01 12:15:01  [ Thread-0:587 ] - [ DEBUG ]  
2014-11-01 12:15:01  [ Thread-0:593 ] - [ DEBUG ]  从 Oracle Database 10g Enterprise Edition Release 10.2.0.5.0 - 64bit Production
2014-11-01 12:15:01  [ Thread-0:594 ] - [ DEBUG ]  With the Partitioning, OLAP, Data Mining and Real Application Testing options 断开
2014-11-01 12:15:41  [ Thread-0:1 ] - [ ERROR ]  执行SQL脚本文件出错
java.io.FileNotFoundException: conf\oracle.properties (系统找不到指定的文件。)
	at java.io.FileInputStream.open(Native Method)
	at java.io.FileInputStream.<init>(Unknown Source)
	at java.io.FileInputStream.<init>(Unknown Source)
	at org.deng.ExecuteSql.init(ExecuteSql.java:93)
	at org.deng.ExecuteSql.execute(ExecuteSql.java:112)
	at org.deng.ApplicationWindow$2$1.run(ApplicationWindow.java:142)
	at java.lang.Thread.run(Unknown Source)
